<?xml version="1.0" encoding="UTF-8"?>
<!-- Generated by org.testng.reporters.JUnitReportReporter -->
<testsuite skipped="0" hostname="LAPTOP-MJO8PL9U" name="TestNGPrograms.Priority" tests="3" failures="0" timestamp="2022-03-25T13:02:59 IST" time="0.024" errors="0">
  <testcase name="tc02" time="0.014" classname="TestNGPrograms.Priority"/>
  <system-out/>
  <testcase name="tc03" time="0.005" classname="TestNGPrograms.Priority"/>
  <system-out/>
  <testcase name="tc01" time="0.005" classname="TestNGPrograms.Priority"/>
  <system-out/>
</testsuite> <!-- TestNGPrograms.Priority -->
