<?xml version="1.0" encoding="UTF-8"?>
<!-- Generated by org.testng.reporters.JUnitReportReporter -->
<testsuite skipped="0" hostname="LAPTOP-MJO8PL9U" name="TestngSuite.Sample2" tests="3" failures="0" timestamp="2022-03-28T20:17:02 IST" time="0.004" errors="0">
  <testcase name="tc06" time="0.001" classname="TestngSuite.Sample2"/>
  <system-out>
    <![CDATA[TC06 Exeuted]]>
  </system-out>
  <testcase name="tc05" time="0.001" classname="TestngSuite.Sample2"/>
  <system-out>
    <![CDATA[TC05 Exeuted]]>
  </system-out>
  <testcase name="tc04" time="0.002" classname="TestngSuite.Sample2"/>
  <system-out>
    <![CDATA[TC04 Exeuted]]>
  </system-out>
</testsuite> <!-- TestngSuite.Sample2 -->
