<?xml version="1.0" encoding="UTF-8"?>
<!-- Generated by org.testng.reporters.JUnitReportReporter -->
<testsuite skipped="0" hostname="LAPTOP-MJO8PL9U" name="TestngParallelTesting.ParallelTest" tests="3" failures="0" timestamp="2022-04-01T13:16:21 IST" time="56.337" errors="0">
  <testcase name="tc02" time="12.116" classname="TestngParallelTesting.ParallelTest"/>
  <system-out/>
  <testcase name="tc03" time="25.331" classname="TestngParallelTesting.ParallelTest"/>
  <system-out/>
  <testcase name="tc01" time="18.890" classname="TestngParallelTesting.ParallelTest"/>
  <system-out/>
</testsuite> <!-- TestngParallelTesting.ParallelTest -->
