<?xml version="1.0" encoding="UTF-8"?>
<!-- Generated by org.testng.reporters.JUnitReportReporter -->
<testsuite skipped="0" hostname="LAPTOP-MJO8PL9U" name="TestngTestSuite.Demo3" tests="2" failures="0" timestamp="2022-03-31T18:38:05 IST" time="0.047" errors="0">
  <testcase name="tc07" time="0.031" classname="TestngTestSuite.Demo3"/>
  <system-out>
    <![CDATA[Test case 07 Exeuted]]>
  </system-out>
  <testcase name="tc09" time="0.016" classname="TestngTestSuite.Demo3"/>
  <system-out>
    <![CDATA[Test case 09 Exeuted]]>
  </system-out>
</testsuite> <!-- TestngTestSuite.Demo3 -->
