<?xml version="1.0" encoding="UTF-8"?>
<!-- Generated by org.testng.reporters.JUnitReportReporter -->
<testsuite skipped="0" hostname="LAPTOP-MJO8PL9U" name="testng.Demo" tests="1" failures="0" timestamp="2022-03-24T10:23:06 AFT" time="0.015" errors="0">
  <testcase name="Test" time="0.015" classname="testng.Demo"/>
  <system-out/>
</testsuite> <!-- testng.Demo -->
