<?xml version="1.0" encoding="UTF-8"?>
<!-- Generated by org.testng.reporters.JUnitReportReporter -->
<testsuite skipped="0" hostname="LAPTOP-MJO8PL9U" name="TestngTestSuite.Sample1" tests="1" failures="0" timestamp="2022-03-29T15:30:14 IST" time="0.016" errors="0">
  <testcase name="tc01" time="0.016" classname="TestngTestSuite.Sample1"/>
  <system-out>
    <![CDATA[TC01 Exeuted]]>
  </system-out>
</testsuite> <!-- TestngTestSuite.Sample1 -->
