<?xml version="1.0" encoding="UTF-8"?>
<!-- Generated by org.testng.reporters.JUnitReportReporter -->
<testsuite skipped="0" hostname="LAPTOP-MJO8PL9U" name="TestngTestSuite.Sample3" tests="3" failures="0" timestamp="2022-03-29T15:30:14 IST" time="0.031" errors="0">
  <testcase name="tc08" time="0.000" classname="TestngTestSuite.Sample3"/>
  <system-out/>
  <testcase name="tc07" time="0.016" classname="TestngTestSuite.Sample3"/>
  <system-out/>
  <testcase name="tc09" time="0.015" classname="TestngTestSuite.Sample3"/>
  <system-out/>
</testsuite> <!-- TestngTestSuite.Sample3 -->
