<?xml version="1.0" encoding="UTF-8"?>
<!-- Generated by org.testng.reporters.JUnitReportReporter -->
<testsuite skipped="0" hostname="LAPTOP-MJO8PL9U" name="TestNGPrograms.Demo" tests="2" failures="0" timestamp="2022-03-25T13:02:29 IST" time="0.024" errors="0">
  <testcase name="TC2" time="0.008" classname="TestNGPrograms.Demo"/>
  <system-out>
    <![CDATA[TC2 is Executed]]>
  </system-out>
  <testcase name="TC1" time="0.016" classname="TestNGPrograms.Demo"/>
  <system-out>
    <![CDATA[TC1 is Executed]]>
  </system-out>
</testsuite> <!-- TestNGPrograms.Demo -->
