<?xml version="1.0" encoding="UTF-8"?>
<!-- Generated by org.testng.reporters.JUnitReportReporter -->
<testsuite skipped="0" hostname="LAPTOP-MJO8PL9U" name="TestNGPrograms.Sample" tests="2" failures="0" timestamp="2022-03-25T10:11:06 IST" time="0.017" errors="0">
  <testcase name="TC1" time="0.011" classname="TestNGPrograms.Sample"/>
  <system-out/>
  <testcase name="TC2" time="0.006" classname="TestNGPrograms.Sample"/>
  <system-out/>
</testsuite> <!-- TestNGPrograms.Sample -->
