<?xml version="1.0" encoding="UTF-8"?>
<!-- Generated by org.testng.reporters.JUnitReportReporter -->
<testsuite skipped="0" hostname="LAPTOP-MJO8PL9U" name="TestngSuite.Sample3" tests="3" failures="0" timestamp="2022-03-28T20:17:02 IST" time="0.006" errors="0">
  <testcase name="tc08" time="0.002" classname="TestngSuite.Sample3"/>
  <system-out/>
  <testcase name="tc07" time="0.001" classname="TestngSuite.Sample3"/>
  <system-out/>
  <testcase name="tc09" time="0.003" classname="TestngSuite.Sample3"/>
  <system-out/>
</testsuite> <!-- TestngSuite.Sample3 -->
