<?xml version="1.0" encoding="UTF-8"?>
<!-- Generated by org.testng.reporters.JUnitReportReporter -->
<testsuite skipped="0" hostname="LAPTOP-MJO8PL9U" name="CrossBrowser.Demo" tests="2" failures="0" timestamp="2022-04-02T21:26:24 IST" time="143.993" errors="0">
  <testcase name="tc01" time="115.633" classname="CrossBrowser.Demo"/>
  <system-out/>
  <testcase name="tc01" time="28.360" classname="CrossBrowser.Demo"/>
  <system-out/>
</testsuite> <!-- CrossBrowser.Demo -->
