<?xml version="1.0" encoding="UTF-8"?>
<!-- Generated by org.testng.reporters.JUnitReportReporter -->
<testsuite skipped="0" hostname="LAPTOP-MJO8PL9U" name="TestNGParameters.Substraction" tests="1" failures="0" timestamp="2022-04-07T14:07:33 IST" time="0.000" errors="0">
  <testcase name="sub" time="0.000" classname="TestNGParameters.Substraction"/>
  <system-out/>
</testsuite> <!-- TestNGParameters.Substraction -->
