<?xml version="1.0" encoding="UTF-8"?>
<!-- Generated by org.testng.reporters.JUnitReportReporter -->
<testsuite skipped="2" hostname="LAPTOP-MJO8PL9U" name="TestNGPrograms.Demo2" tests="3" failures="0" timestamp="2022-03-25T13:08:06 IST" time="0.015" errors="0">
  <testcase name="tc01" time="0.015" classname="TestNGPrograms.Demo2"/>
  <system-out/>
  <testcase name="tc03" classname="TestNGPrograms.Demo2">
    <skipped/>
  </testcase> <!-- tc03 -->
  <system-out/>
  <testcase name="tc02" classname="TestNGPrograms.Demo2">
    <skipped/>
  </testcase> <!-- tc02 -->
  <system-out/>
</testsuite> <!-- TestNGPrograms.Demo2 -->
