<?xml version="1.0" encoding="UTF-8"?>
<!-- Generated by org.testng.reporters.JUnitReportReporter -->
<testsuite skipped="0" hostname="LAPTOP-MJO8PL9U" name="TestNGParameters.Arithmetic" tests="2" failures="0" timestamp="2022-04-10T18:56:43 IST" time="0.034" errors="0">
  <testcase name="sub" time="0.010" classname="TestNGParameters.Arithmetic"/>
  <system-out/>
  <testcase name="add" time="0.024" classname="TestNGParameters.Arithmetic"/>
  <system-out/>
</testsuite> <!-- TestNGParameters.Arithmetic -->
