<?xml version="1.0" encoding="UTF-8"?>
<!-- Generated by org.testng.reporters.JUnitReportReporter -->
<testsuite skipped="0" hostname="LAPTOP-MJO8PL9U" name="TestngTestSuite.Demo1" tests="2" failures="0" timestamp="2022-03-31T18:38:05 IST" time="0.016" errors="0">
  <testcase name="tc01" time="0.016" classname="TestngTestSuite.Demo1"/>
  <system-out>
    <![CDATA[Test case 01 Exeuted]]>
  </system-out>
  <testcase name="tc02" time="0.000" classname="TestngTestSuite.Demo1"/>
  <system-out>
    <![CDATA[Test case 02 Exeuted]]>
  </system-out>
</testsuite> <!-- TestngTestSuite.Demo1 -->
