<?xml version="1.0" encoding="UTF-8"?>
<!-- Generated by org.testng.reporters.JUnitReportReporter -->
<testsuite skipped="0" hostname="LAPTOP-MJO8PL9U" name="TestNGPrograms.SoftAssert" tests="1" failures="0" timestamp="2022-03-28T15:37:45 IST" time="0.016" errors="0">
  <testcase name="tc01" time="0.016" classname="TestNGPrograms.SoftAssert"/>
  <system-out/>
</testsuite> <!-- TestNGPrograms.SoftAssert -->
