<?xml version="1.0" encoding="UTF-8"?>
<!-- Generated by org.testng.reporters.JUnitReportReporter -->
<testsuite skipped="1" hostname="LAPTOP-MJO8PL9U" name="TestNGProject.TestCases" tests="5" failures="0" timestamp="2022-03-31T18:40:28 IST" time="67.298" errors="0">
  <testcase name="SignUpTC02" time="36.192" classname="TestNGProject.TestCases"/>
  <system-out/>
  <testcase name="SignUpTC05" time="14.521" classname="TestNGProject.TestCases"/>
  <system-out/>
  <testcase name="SignUpTC03" time="9.534" classname="TestNGProject.TestCases"/>
  <system-out/>
  <testcase name="SignUpTC04" time="7.051" classname="TestNGProject.TestCases"/>
  <system-out/>
  <testcase name="SignUpTC01" classname="TestNGProject.TestCases">
    <skipped/>
  </testcase> <!-- SignUpTC01 -->
  <system-out/>
</testsuite> <!-- TestNGProject.TestCases -->
